<?xml version="1.0" encoding="UTF-8"?>
<!-- Generated by org.testng.reporters.JUnitXMLReporter -->
<testsuite ignored="0" hostname="DESKTOP-E85C9IU" failures="0" tests="4" name="Surefire test" time="0.435" errors="0" timestamp="2023-05-07T16:10:08 IST">
  <testcase classname="MavenConcept.RESTAPITest" name="rest1" time="0.017"/>
  <testcase classname="MavenConcept.RESTAPITest" name="rest2" time="0.001"/>
  <testcase classname="MavenConcept.SeleniumTest" name="BrowserAutomation" time="0.002"/>
  <testcase classname="MavenConcept.SeleniumTest" name="elementUI" time="0.001"/>
</testsuite> <!-- Surefire test -->
